#
# A fatal error has been detected by the Java Runtime Environment:
#
#  Internal Error (generateOopMap.cpp:1623), pid=154160, tid=0x000000000001173c
#  Error: ShouldNotReachHere()
#
# JRE version: Java(TM) SE Runtime Environment (8.0_221-b11) (build 1.8.0_221-b11)
# Java VM: Java HotSpot(TM) 64-Bit Server VM (25.221-b11 mixed mode windows-amd64 compressed oops)
# Failed to write core dump. Minidumps are not enabled by default on client versions of Windows
#
# If you would like to submit a bug report, please visit:
#   http://bugreport.java.com/bugreport/crash.jsp
#

---------------  T H R E A D  ---------------

Current thread (0x0000000025849800):  VMThread [stack: 0x0000000027520000,0x0000000027620000] [id=71484]

Stack: [0x0000000027520000,0x0000000027620000]
[error occurred during error reporting (printing stack bounds), id 0xc0000005]

Native frames: (J=compiled Java code, j=interpreted, Vv=VM code, C=native code)

VM_Operation (0x000000002834f3c0): GetOrSetLocal, mode: safepoint, requested by thread 0x0000000027756000


---------------  P R O C E S S  ---------------

Java Threads: ( => current thread )
  0x0000000027856800 JavaThread "Service Thread" daemon [_thread_blocked, id=365324, stack(0x0000000028950000,0x0000000028a50000)]
  0x000000002784a000 JavaThread "C1 CompilerThread3" daemon [_thread_blocked, id=323324, stack(0x0000000028850000,0x0000000028950000)]
  0x0000000027847000 JavaThread "C2 CompilerThread2" daemon [_thread_blocked, id=237876, stack(0x0000000028750000,0x0000000028850000)]
  0x0000000027846800 JavaThread "C2 CompilerThread1" daemon [_thread_blocked, id=28128, stack(0x0000000028650000,0x0000000028750000)]
  0x0000000027845800 JavaThread "C2 CompilerThread0" daemon [_thread_blocked, id=271372, stack(0x0000000028550000,0x0000000028650000)]
  0x0000000027764800 JavaThread "JDWP Command Reader" daemon [_thread_in_native, id=101776, stack(0x0000000028450000,0x0000000028550000)]
  0x0000000027760800 JavaThread "JDWP Event Helper Thread" daemon [_thread_blocked, id=22464, stack(0x0000000028350000,0x0000000028450000)]
  0x0000000027756000 JavaThread "JDWP Transport Listener: dt_socket" daemon [_thread_blocked, id=337556, stack(0x0000000028250000,0x0000000028350000)]
  0x0000000027749800 JavaThread "Attach Listener" daemon [_thread_blocked, id=106168, stack(0x0000000027e10000,0x0000000027f10000)]
  0x0000000027748000 JavaThread "Signal Dispatcher" daemon [_thread_blocked, id=92220, stack(0x0000000027d10000,0x0000000027e10000)]
  0x00000000028f9800 JavaThread "Finalizer" daemon [_thread_blocked, id=87312, stack(0x0000000027b20000,0x0000000027c20000)]
  0x00000000028f8000 JavaThread "Reference Handler" daemon [_thread_blocked, id=184620, stack(0x0000000027620000,0x0000000027720000)]
  0x0000000002802800 JavaThread "main" [_thread_blocked, id=245784, stack(0x0000000002520000,0x0000000002620000)]

Other Threads:
=>0x0000000025849800 VMThread [stack: 0x0000000027520000,0x0000000027620000] [id=71484]
  0x000000002794f800 WatcherThread [stack: 0x0000000028a50000,0x0000000028b50000] [id=309568]

VM state:at safepoint (normal execution)

VM Mutex/Monitor currently owned by a thread:  ([mutex/lock_event])
[0x000000000249e1a0] Threads_lock - owner thread: 0x0000000025849800

heap address: 0x00000005c3000000, size: 8144 MB, Compressed Oops mode: Zero based, Oop shift amount: 3
Narrow klass base: 0x0000000000000000, Narrow klass shift: 3
Compressed class space size: 1073741824 Address: 0x00000007c0000000

Heap:
 PSYoungGen      total 152576K, used 10485K [0x0000000716580000, 0x0000000720f80000, 0x00000007c0000000)
  eden space 131072K, 8% used [0x0000000716580000,0x0000000716fbd788,0x000000071e580000)
  from space 21504K, 0% used [0x000000071fa80000,0x000000071fa80000,0x0000000720f80000)
  to   space 21504K, 0% used [0x000000071e580000,0x000000071e580000,0x000000071fa80000)
 ParOldGen       total 348160K, used 0K [0x00000005c3000000, 0x00000005d8400000, 0x0000000716580000)
  object space 348160K, 0% used [0x00000005c3000000,0x00000005c3000000,0x00000005d8400000)
 Metaspace       used 4765K, capacity 4994K, committed 5248K, reserved 1056768K
  class space    used 514K, capacity 561K, committed 640K, reserved 1048576K

Card table byte_map: [0x0000000011cc0000,0x0000000012cb0000] byte_map_base: 0x000000000eea8000

Marking Bits: (ParMarkBitMap*) 0x000000005e0a5ce0
 Begin Bits: [0x0000000013f50000, 0x000000001be90000)
 End Bits:   [0x000000001be90000, 0x0000000023dd0000)

Polling page: 0x0000000002460000

CodeCache: size=245760Kb used=1366Kb max_used=1366Kb free=244393Kb
 bounds [0x0000000002900000, 0x0000000002b70000, 0x0000000011900000]
 total_blobs=413 nmethods=128 adapters=206
 compilation: enabled

Compilation events (10 events):
Event: 28223.694 Thread 0x000000002784a000  127       3       org.eclipse.jdt.launching.internal.org.objectweb.asm.SymbolTable::put (150 bytes)
Event: 28223.694 Thread 0x000000002784a000 nmethod 127 0x0000000002a53750 code [0x0000000002a53900, 0x0000000002a54070]
Event: 28223.694 Thread 0x000000002784a000  124       3       org.eclipse.jdt.launching.internal.org.objectweb.asm.ClassReader::readClass (7 bytes)
Event: 28223.695 Thread 0x000000002784a000 nmethod 124 0x0000000002a544d0 code [0x0000000002a54680, 0x0000000002a54ba8]
Event: 28223.695 Thread 0x000000002784a000  123       3       org.eclipse.jdt.launching.internal.org.objectweb.asm.ClassReader::createDebugLabel (23 bytes)
Event: 28223.695 Thread 0x000000002784a000 nmethod 123 0x0000000002a55010 code [0x0000000002a551a0, 0x0000000002a55690]
Event: 28223.695 Thread 0x000000002784a000  125       3       org.eclipse.jdt.launching.internal.org.objectweb.asm.MethodWriter::visitInsn (115 bytes)
Event: 28223.695 Thread 0x000000002784a000 nmethod 125 0x0000000002a559d0 code [0x0000000002a55b80, 0x0000000002a56068]
Event: 28266.240 Thread 0x000000002784a000  128       3       org.eclipse.jdt.launching.internal.org.objectweb.asm.ByteVector::put12 (64 bytes)
Event: 28266.240 Thread 0x000000002784a000 nmethod 128 0x0000000002a56250 code [0x0000000002a563c0, 0x0000000002a56648]

GC Heap History (0 events):
No events

Deoptimization events (0 events):
No events

Classes redefined (7 events):
Event: 109.661 Thread 0x0000000025849800 redefined class name=dynamicProgramming.RegularExpressionMatching, count=1
Event: 27799.802 Thread 0x0000000025849800 redefined class name=dynamicProgramming.RegularExpressionMatching, count=2
Event: 27932.820 Thread 0x0000000025849800 redefined class name=dynamicProgramming.RegularExpressionMatching, count=3
Event: 27967.893 Thread 0x0000000025849800 redefined class name=dynamicProgramming.RegularExpressionMatching, count=4
Event: 28157.119 Thread 0x0000000025849800 redefined class name=dynamicProgramming.RegularExpressionMatching, count=5
Event: 28223.698 Thread 0x0000000025849800 redefined class name=dynamicProgramming.RegularExpressionMatching, count=6
Event: 28266.240 Thread 0x0000000025849800 redefined class name=dynamicProgramming.RegularExpressionMatching, count=7

Internal exceptions (2 events):
Event: 0.045 Thread 0x0000000002802800 Exception <a 'java/lang/NoSuchMethodError': Method sun.misc.Unsafe.defineClass(Ljava/lang/String;[BII)Ljava/lang/Class; name or signature does not match> (0x0000000716587cb8) thrown at [C:\re\workspace\8-2-build-windows-amd64-cygwin\jdk8u221\13320\hotspot
Event: 0.045 Thread 0x0000000002802800 Exception <a 'java/lang/NoSuchMethodError': Method sun.misc.Unsafe.prefetchRead(Ljava/lang/Object;J)V name or signature does not match> (0x0000000716587fa0) thrown at [C:\re\workspace\8-2-build-windows-amd64-cygwin\jdk8u221\13320\hotspot\src\share\vm\prim

Events (10 events):
Event: 66384.855 Executing VM operation: GetOwnedMonitorInfo done
Event: 66385.030 Executing VM operation: GetCurrentContendedMonitor
Event: 66385.030 Executing VM operation: GetCurrentContendedMonitor done
Event: 66385.030 Executing VM operation: GetOwnedMonitorInfo
Event: 66385.030 Executing VM operation: GetOwnedMonitorInfo done
Event: 66385.799 Executing VM operation: GetOwnedMonitorInfo
Event: 66385.799 Executing VM operation: GetOwnedMonitorInfo done
Event: 66385.799 Executing VM operation: GetCurrentContendedMonitor
Event: 66385.799 Executing VM operation: GetCurrentContendedMonitor done
Event: 66386.127 Executing VM operation: GetOrSetLocal


Dynamic libraries:
0x00007ff6e61d0000 - 0x00007ff6e6207000 	C:\Program Files\Java\jre1.8.0_221\bin\javaw.exe
0x00007ffb95ca0000 - 0x00007ffb95e7b000 	C:\Windows\SYSTEM32\ntdll.dll
0x00007ffb93b00000 - 0x00007ffb93bae000 	C:\Windows\System32\KERNEL32.DLL
0x00007ffb92de0000 - 0x00007ffb9302a000 	C:\Windows\System32\KERNELBASE.dll
0x0000000060930000 - 0x00000000609c3000 	C:\Windows\System32\SYSFER.DLL
0x00007ffb93a50000 - 0x00007ffb93af1000 	C:\Windows\System32\ADVAPI32.dll
0x00007ffb95a50000 - 0x00007ffb95aed000 	C:\Windows\System32\msvcrt.dll
0x00007ffb93c90000 - 0x00007ffb93ce9000 	C:\Windows\System32\sechost.dll
0x00007ffb957c0000 - 0x00007ffb958e5000 	C:\Windows\System32\RPCRT4.dll
0x00007ffb95a40000 - 0x00007ffb95a48000 	C:\Windows\System32\PSAPI.DLL
0x00007ffb93680000 - 0x00007ffb937ca000 	C:\Windows\System32\USER32.dll
0x00007ffb931e0000 - 0x00007ffb931fe000 	C:\Windows\System32\win32u.dll
0x00007ffb93650000 - 0x00007ffb93677000 	C:\Windows\System32\GDI32.dll
0x00007ffb92440000 - 0x00007ffb925c8000 	C:\Windows\System32\gdi32full.dll
0x00007ffb92640000 - 0x00007ffb926da000 	C:\Windows\System32\msvcp_win.dll
0x00007ffb93030000 - 0x00007ffb93126000 	C:\Windows\System32\ucrtbase.dll
0x00007ffb85670000 - 0x00007ffb858d7000 	C:\Windows\WinSxS\amd64_microsoft.windows.common-controls_6595b64144ccf1df_6.0.15063.1689_none_40ca372b29a52649\COMCTL32.dll
0x00007ffb93350000 - 0x00007ffb93646000 	C:\Windows\System32\combase.dll
0x00007ffb925d0000 - 0x00007ffb9263a000 	C:\Windows\System32\bcryptPrimitives.dll
0x00007ffb93320000 - 0x00007ffb9334d000 	C:\Windows\System32\IMM32.DLL
0x0000000068000000 - 0x000000006805e000 	C:\Windows\System32\QIPCAP64.dll
0x00007ffb93ee0000 - 0x00007ffb95318000 	C:\Windows\System32\SHELL32.dll
0x00007ffb93130000 - 0x00007ffb93179000 	C:\Windows\System32\cfgmgr32.dll
0x00007ffb93260000 - 0x00007ffb9330a000 	C:\Windows\System32\shcore.dll
0x00007ffb926e0000 - 0x00007ffb92dd1000 	C:\Windows\System32\windows.storage.dll
0x00007ffb93200000 - 0x00007ffb93251000 	C:\Windows\System32\shlwapi.dll
0x00007ffb92150000 - 0x00007ffb92161000 	C:\Windows\System32\kernel.appcore.dll
0x00007ffb92170000 - 0x00007ffb921bc000 	C:\Windows\System32\powrprof.dll
0x00007ffb92110000 - 0x00007ffb92125000 	C:\Windows\System32\profapi.dll
0x00007ffb91800000 - 0x00007ffb918a4000 	C:\Windows\SYSTEM32\DNSAPI.dll
0x00007ffb93c20000 - 0x00007ffb93c8c000 	C:\Windows\System32\WS2_32.dll
0x00007ffb93310000 - 0x00007ffb93318000 	C:\Windows\System32\NSI.dll
0x00007ffb917b0000 - 0x00007ffb917e7000 	C:\Windows\SYSTEM32\IPHLPAPI.DLL
0x000000005cbf0000 - 0x000000005ccc2000 	C:\Program Files\Java\jre1.8.0_221\bin\msvcr100.dll
0x000000005d880000 - 0x000000005e125000 	C:\Program Files\Java\jre1.8.0_221\bin\server\jvm.dll
0x00007ffb8c7f0000 - 0x00007ffb8c7f9000 	C:\Windows\SYSTEM32\WSOCK32.dll
0x00007ffb8dab0000 - 0x00007ffb8dad3000 	C:\Windows\SYSTEM32\WINMM.dll
0x00007ffb8ac70000 - 0x00007ffb8ac7a000 	C:\Windows\SYSTEM32\VERSION.dll
0x00007ffb8d7c0000 - 0x00007ffb8d7eb000 	C:\Windows\SYSTEM32\WINMMBASE.dll
0x00007ffb8dec0000 - 0x00007ffb8decf000 	C:\Program Files\Java\jre1.8.0_221\bin\verify.dll
0x00007ffb83c00000 - 0x00007ffb83c29000 	C:\Program Files\Java\jre1.8.0_221\bin\java.dll
0x00007ffb7dcb0000 - 0x00007ffb7dce5000 	C:\Program Files\Java\jre1.8.0_221\bin\jdwp.dll
0x00007ffb8df80000 - 0x00007ffb8df88000 	C:\Program Files\Java\jre1.8.0_221\bin\npt.dll
0x00007ffb7eaf0000 - 0x00007ffb7eb13000 	C:\Program Files\Java\jre1.8.0_221\bin\instrument.dll
0x00007ffb77ab0000 - 0x00007ffb77ac6000 	C:\Program Files\Java\jre1.8.0_221\bin\zip.dll
0x00007ffb8c7e0000 - 0x00007ffb8c7e9000 	C:\Program Files\Java\jre1.8.0_221\bin\dt_socket.dll
0x00007ffb77880000 - 0x00007ffb77896000 	C:\Windows\system32\napinsp.dll
0x00007ffb77860000 - 0x00007ffb7787a000 	C:\Windows\system32\pnrpnsp.dll
0x00007ffb900a0000 - 0x00007ffb900b8000 	C:\Windows\system32\NLAapi.dll
0x00007ffb91a10000 - 0x00007ffb91a6c000 	C:\Windows\System32\mswsock.dll
0x00007ffb7b330000 - 0x00007ffb7b33e000 	C:\Windows\System32\winrnr.dll
0x00007ffb8c570000 - 0x00007ffb8c585000 	C:\Windows\System32\wshbth.dll
0x00007ffb8ddc0000 - 0x00007ffb8de2b000 	C:\Windows\System32\fwpuclnt.dll
0x00007ffb91cc0000 - 0x00007ffb91ce5000 	C:\Windows\SYSTEM32\bcrypt.dll
0x00007ffb86d50000 - 0x00007ffb86d5a000 	C:\Windows\System32\rasadhlp.dll
0x000000005bd60000 - 0x000000005c088000 	C:\ProgramData\Symantec\Symantec Endpoint Protection\14.2.5323.2000.105\Data\Definitions\IPSDefs\20200430.061\IPSEng64.dll

VM Arguments:
jvm_args: -agentlib:jdwp=transport=dt_socket,suspend=y,address=localhost:10551 -javaagent:C:\Users\rajan-c\Downloads\eclipse-jee-2019-12-R-win32-x86_64\eclipse\configuration\org.eclipse.osgi\1100\0\.cp\lib\javaagent-shaded.jar -Dfile.encoding=Cp1252 
java_command: dynamicProgramming.RegularExpressionMatching
java_class_path (initial): D:\programming\algorithms\bin;C:\Users\rajan-c\Downloads\eclipse-jee-2019-12-R-win32-x86_64\eclipse\configuration\org.eclipse.osgi\1100\0\.cp\lib\javaagent-shaded.jar
Launcher Type: SUN_STANDARD

Environment Variables:
JAVA_HOME=C:\Program Files\Java\jdk1.8.0_161
PATH=C:/Program Files/Java/jre1.8.0_221/bin/server;C:/Program Files/Java/jre1.8.0_221/bin;C:/Program Files/Java/jre1.8.0_221/lib/amd64;C:\Program Files (x86)\Common Files\Oracle\Java\javapath;C:\Program Files (x86)\RSA SecurID Token Common;C:\ProgramData\Oracle\Java\javapath;C:\Windows\system32;C:\Windows;C:\Windows\System32\Wbem;C:\Windows\System32\WindowsPowerShell\v1.0\;C:\Windows\CCM;C:\Program Files\nodejs\;C:\Program Files\Java\jdk1.8.0_161\bin;C:\Go\bin;C:\Program Files\Microsoft VS Code\bin;C:\Program Files\PuTTY\;C:\Program Files\Amazon\AWSCLI\bin\;C:\Users\rajan-c\AppData\Local\Microsoft\WindowsApps;C:\Program Files\Microsoft VS Code\bin;C:\Program Files\Apache\apache-maven-3.5.3\bin;C:\Users\rajan-c\AppData\Roaming\npm;C:\Program Files\Git\bin;C:\Users\rajan-c\AppData\Local\atom\bin;C:\Users\rajan-c\go\bin;C:\MinGW\bin;;C:\Program Files\JetBrains\IntelliJ IDEA Educational Edition 2019.3.1\bin;;C:\Users\rajan-c\Downloads\eclipse-jee-2019-12-R-win32-x86_64\eclipse;
USERNAME=rajan-c
OS=Windows_NT
PROCESSOR_IDENTIFIER=Intel64 Family 6 Model 158 Stepping 9, GenuineIntel



---------------  S Y S T E M  ---------------

OS: Windows 10.0 , 64 bit Build 15063 (10.0.15063.1746)

CPU:total 8 (initial active 8) (4 cores per cpu, 2 threads per core) family 6 model 158 stepping 9, cmov, cx8, fxsr, mmx, sse, sse2, sse3, ssse3, sse4.1, sse4.2, popcnt, avx, avx2, aes, clmul, erms, rtm, 3dnowpref, lzcnt, ht, tsc, tscinvbit, bmi1, bmi2, adx

Memory: 4k page, physical 33355844k(5036764k free), swap 46349928k(1948872k free)

vm_info: Java HotSpot(TM) 64-Bit Server VM (25.221-b11) for windows-amd64 JRE (1.8.0_221-b11), built on Jul  4 2019 04:39:29 by "java_re" with MS VC++ 10.0 (VS2010)

time: Fri May 01 18:59:34 2020
timezone: India Standard Time
elapsed time: 66386 seconds (0d 18h 26m 26s)

